INFO [2018-01-22 11:05:07] [[1]]
INFO [2018-01-22 11:05:07] VENN.LIST
INFO [2018-01-22 11:05:07] 
INFO [2018-01-22 11:05:07] [[2]]
INFO [2018-01-22 11:05:07] NULL
INFO [2018-01-22 11:05:07] 
INFO [2018-01-22 11:05:07] $fill
INFO [2018-01-22 11:05:07] c("darkmagenta", "darkblue", "darkgreen")
INFO [2018-01-22 11:05:07] 
INFO [2018-01-22 11:05:07] $alpha
INFO [2018-01-22 11:05:07] c(0.5, 0.5, 0.5)
INFO [2018-01-22 11:05:07] 
INFO [2018-01-22 11:05:07] $cex
INFO [2018-01-22 11:05:07] [1] 2
INFO [2018-01-22 11:05:07] 
INFO [2018-01-22 11:05:07] $catfontace
INFO [2018-01-22 11:05:07] [1] 4
INFO [2018-01-22 11:05:07] 
INFO [2018-01-22 11:05:07] $category.names
INFO [2018-01-22 11:05:07] c("A", "B", "C")
INFO [2018-01-22 11:05:07] 
INFO [2018-01-22 11:05:07] $main
INFO [2018-01-22 11:05:07] [1] "Random Gene List"
INFO [2018-01-22 11:05:07] 
