INFO [2018-01-22 11:04:52] [[1]]
INFO [2018-01-22 11:04:52] VENN.LIST
INFO [2018-01-22 11:04:52] 
INFO [2018-01-22 11:04:52] [[2]]
INFO [2018-01-22 11:04:52] NULL
INFO [2018-01-22 11:04:52] 
INFO [2018-01-22 11:04:52] $fill
INFO [2018-01-22 11:04:52] c("darkmagenta", "darkblue", "darkgreen")
INFO [2018-01-22 11:04:52] 
INFO [2018-01-22 11:04:52] $alpha
INFO [2018-01-22 11:04:52] c(0.5, 0.5, 0.5)
INFO [2018-01-22 11:04:52] 
INFO [2018-01-22 11:04:52] $cex
INFO [2018-01-22 11:04:52] [1] 2
INFO [2018-01-22 11:04:52] 
INFO [2018-01-22 11:04:52] $catfontace
INFO [2018-01-22 11:04:52] [1] 4
INFO [2018-01-22 11:04:52] 
INFO [2018-01-22 11:04:52] $category.names
INFO [2018-01-22 11:04:52] c("A", "B", "C")
INFO [2018-01-22 11:04:52] 
INFO [2018-01-22 11:04:52] $main
INFO [2018-01-22 11:04:52] [1] "Random Gene List"
INFO [2018-01-22 11:04:52] 
